[debug] [2017-10-04T14:16:26.789Z] ----------------------------------------------------------------------
[debug] [2017-10-04T14:16:26.793Z] Command:       /home/mary/.nvm/versions/node/v6.11.3/bin/node /home/mary/.nvm/versions/node/v6.11.3/bin/firebase deploy --message link category to the url
[debug] [2017-10-04T14:16:26.794Z] CLI Version:   3.12.0
[debug] [2017-10-04T14:16:26.794Z] Platform:      linux
[debug] [2017-10-04T14:16:26.794Z] Node Version:  v6.11.3
[debug] [2017-10-04T14:16:26.794Z] Time:          Wed Oct 04 2017 17:16:26 GMT+0300 (EAT)
[debug] [2017-10-04T14:16:26.794Z] ----------------------------------------------------------------------
[debug] 
[debug] [2017-10-04T14:16:26.811Z] > command requires scopes: ["email","openid","https://www.googleapis.com/auth/cloudplatformprojects.readonly","https://www.googleapis.com/auth/firebase","https://www.googleapis.com/auth/cloud-platform"]
[debug] [2017-10-04T14:16:26.812Z] > authorizing via signed-in user
[debug] [2017-10-04T14:16:26.814Z] > refreshing access token with scopes: ["email","https://www.googleapis.com/auth/cloud-platform","https://www.googleapis.com/auth/cloudplatformprojects.readonly","https://www.googleapis.com/auth/firebase","openid"]
[debug] [2017-10-04T14:16:26.815Z] >>> HTTP REQUEST POST https://www.googleapis.com/oauth2/v3/token { refresh_token: '1/fRh8enC2Uq9wi3ekwV4cMEcv64bKNMpm_tO3JhiDNKs',
  client_id: '563584335869-fgrhgmd47bqnekij5i8b5pr03ho849e6.apps.googleusercontent.com',
  client_secret: 'j9iVZfS8kkCEFUPaAeJV0sAi',
  grant_type: 'refresh_token',
  scope: 'email https://www.googleapis.com/auth/cloud-platform https://www.googleapis.com/auth/cloudplatformprojects.readonly https://www.googleapis.com/auth/firebase openid' } 
 Wed Oct 04 2017 17:16:26 GMT+0300 (EAT)
[debug] [2017-10-04T14:16:30.692Z] <<< HTTP RESPONSE 200
[debug] [2017-10-04T14:16:30.770Z] >>> HTTP REQUEST GET https://admin.firebase.com/v1/projects/funsquare-2a4e9  
 Wed Oct 04 2017 17:16:30 GMT+0300 (EAT)
[debug] [2017-10-04T14:16:32.869Z] <<< HTTP RESPONSE 200
[debug] [2017-10-04T14:16:32.871Z] >>> HTTP REQUEST GET https://admin.firebase.com/v1/database/funsquare-2a4e9/tokens  
 Wed Oct 04 2017 17:16:32 GMT+0300 (EAT)
[debug] [2017-10-04T14:16:34.324Z] <<< HTTP RESPONSE 200
